<?xml version="1.0" encoding="UTF-8"?>
<testsuite name="com.bridgelabz.selenium.bookswagon.test.BooksWagonTest" tests="1" skipped="1" failures="0" errors="0" timestamp="2021-08-09T13:07:45" hostname="DESKTOP-9TKB724" time="24.129">
  <properties/>
  <testcase name="login_to_application" classname="com.bridgelabz.selenium.bookswagon.test.BooksWagonTest" time="24.129">
    <skipped/>
  </testcase>
  <system-out><![CDATA[[INFO ] 2021-08-09 18:37:50.494 [Test worker] Log - clicking on login
[INFO ] 2021-08-09 18:37:53.990 [Test worker] Log - Enter email id
[INFO ] 2021-08-09 18:37:56.376 [Test worker] Log - Enter password
[INFO ] 2021-08-09 18:37:58.672 [Test worker] Log - click on login button
[INFO ] 2021-08-09 18:38:03.342 [Test worker] Log - you're login successfully
FAILED Test
FAILED Test
]]></system-out>
  <system-err><![CDATA[]]></system-err>
</testsuite>
